CRITICAL - 2020-08-06 00:33:51 --> Undefined variable: title
#0 D:\VirtualHost\lakip\app\Views\layout\template.php(7): CodeIgniter\Debug\Exceptions->errorHandler(8, 'Undefined varia...', 'D:\\VirtualHost\\...', 7, Array)
#1 D:\VirtualHost\lakip\vendor\codeigniter4\framework\system\View\View.php(246): include('D:\\VirtualHost\\...')
#2 D:\VirtualHost\lakip\vendor\codeigniter4\framework\system\View\View.php(257): CodeIgniter\View\View->render('layout/template', Array, true)
#3 D:\VirtualHost\lakip\vendor\codeigniter4\framework\system\Common.php(1119): CodeIgniter\View\View->render('lakip/index', Array, true)
#4 D:\VirtualHost\lakip\app\Controllers\Lakip.php(9): view('lakip/index')
#5 D:\VirtualHost\lakip\vendor\codeigniter4\framework\system\CodeIgniter.php(918): App\Controllers\Lakip->index()
#6 D:\VirtualHost\lakip\vendor\codeigniter4\framework\system\CodeIgniter.php(404): CodeIgniter\CodeIgniter->runController(Object(App\Controllers\Lakip))
#7 D:\VirtualHost\lakip\vendor\codeigniter4\framework\system\CodeIgniter.php(312): CodeIgniter\CodeIgniter->handleRequest(NULL, Object(Config\Cache), false)
#8 D:\VirtualHost\lakip\public\index.php(45): CodeIgniter\CodeIgniter->run()
#9 D:\VirtualHost\lakip\vendor\codeigniter4\framework\system\Commands\Server\rewrite.php(34): require_once('D:\\VirtualHost\\...')
#10 {main}
CRITICAL - 2020-08-06 00:35:42 --> syntax error, unexpected '$data' (T_VARIABLE), expecting function (T_FUNCTION) or const (T_CONST)
#0 D:\VirtualHost\lakip\vendor\codeigniter4\framework\system\Router\Router.php(195): CodeIgniter\Router\Router->autoRoute('lakip')
#1 D:\VirtualHost\lakip\vendor\codeigniter4\framework\system\CodeIgniter.php(793): CodeIgniter\Router\Router->handle('lakip')
#2 D:\VirtualHost\lakip\vendor\codeigniter4\framework\system\CodeIgniter.php(364): CodeIgniter\CodeIgniter->tryToRouteIt(Object(CodeIgniter\Router\RouteCollection))
#3 D:\VirtualHost\lakip\vendor\codeigniter4\framework\system\CodeIgniter.php(312): CodeIgniter\CodeIgniter->handleRequest(NULL, Object(Config\Cache), false)
#4 D:\VirtualHost\lakip\public\index.php(45): CodeIgniter\CodeIgniter->run()
#5 D:\VirtualHost\lakip\vendor\codeigniter4\framework\system\Commands\Server\rewrite.php(34): require_once('D:\\VirtualHost\\...')
#6 {main}
CRITICAL - 2020-08-06 02:34:45 --> Undefined variable: page
#0 D:\VirtualHost\lakip\app\Views\layout\wrapper.php(8): CodeIgniter\Debug\Exceptions->errorHandler(8, 'Undefined varia...', 'D:\\VirtualHost\\...', 8, Array)
#1 D:\VirtualHost\lakip\vendor\codeigniter4\framework\system\View\View.php(246): include('D:\\VirtualHost\\...')
#2 D:\VirtualHost\lakip\vendor\codeigniter4\framework\system\View\View.php(525): CodeIgniter\View\View->render('layout/wrapper', NULL, true)
#3 D:\VirtualHost\lakip\app\Views\layout\template.php(24): CodeIgniter\View\View->include('layout/wrapper')
#4 D:\VirtualHost\lakip\vendor\codeigniter4\framework\system\View\View.php(246): include('D:\\VirtualHost\\...')
#5 D:\VirtualHost\lakip\vendor\codeigniter4\framework\system\View\View.php(257): CodeIgniter\View\View->render('layout/template', Array, true)
#6 D:\VirtualHost\lakip\vendor\codeigniter4\framework\system\Common.php(1119): CodeIgniter\View\View->render('lakip/index', Array, true)
#7 D:\VirtualHost\lakip\app\Controllers\Lakip.php(12): view('lakip/index', Array)
#8 D:\VirtualHost\lakip\vendor\codeigniter4\framework\system\CodeIgniter.php(918): App\Controllers\Lakip->index()
#9 D:\VirtualHost\lakip\vendor\codeigniter4\framework\system\CodeIgniter.php(404): CodeIgniter\CodeIgniter->runController(Object(App\Controllers\Lakip))
#10 D:\VirtualHost\lakip\vendor\codeigniter4\framework\system\CodeIgniter.php(312): CodeIgniter\CodeIgniter->handleRequest(NULL, Object(Config\Cache), false)
#11 D:\VirtualHost\lakip\public\index.php(45): CodeIgniter\CodeIgniter->run()
#12 D:\VirtualHost\lakip\vendor\codeigniter4\framework\system\Commands\Server\rewrite.php(34): require_once('D:\\VirtualHost\\...')
#13 {main}
CRITICAL - 2020-08-06 05:02:59 --> Unable to connect to the database.
#0 D:\VirtualHost\lakip\vendor\codeigniter4\framework\system\Database\BaseConnection.php(646): CodeIgniter\Database\BaseConnection->initialize()
#1 D:\VirtualHost\lakip\vendor\codeigniter4\framework\system\Database\BaseConnection.php(1548): CodeIgniter\Database\BaseConnection->query('SHOW TABLES FRO...')
#2 D:\VirtualHost\lakip\vendor\codeigniter4\framework\system\Database\BaseConnection.php(1591): CodeIgniter\Database\BaseConnection->listTables()
#3 D:\VirtualHost\lakip\vendor\codeigniter4\framework\system\Database\MigrationRunner.php(945): CodeIgniter\Database\BaseConnection->tableExists('migrations')
#4 D:\VirtualHost\lakip\vendor\codeigniter4\framework\system\Database\MigrationRunner.php(193): CodeIgniter\Database\MigrationRunner->ensureTable()
#5 D:\VirtualHost\lakip\vendor\codeigniter4\framework\system\Commands\Database\Migrate.php(128): CodeIgniter\Database\MigrationRunner->latest(NULL)
#6 D:\VirtualHost\lakip\vendor\codeigniter4\framework\system\CLI\Commands.php(100): CodeIgniter\Commands\Database\Migrate->run(Array)
#7 D:\VirtualHost\lakip\vendor\codeigniter4\framework\system\CLI\CommandRunner.php(107): CodeIgniter\CLI\Commands->run('migrate', Array)
#8 D:\VirtualHost\lakip\vendor\codeigniter4\framework\system\CLI\CommandRunner.php(85): CodeIgniter\CLI\CommandRunner->index(Array)
#9 D:\VirtualHost\lakip\vendor\codeigniter4\framework\system\CodeIgniter.php(914): CodeIgniter\CLI\CommandRunner->_remap('index', 'migrate')
#10 D:\VirtualHost\lakip\vendor\codeigniter4\framework\system\CodeIgniter.php(404): CodeIgniter\CodeIgniter->runController(Object(CodeIgniter\CLI\CommandRunner))
#11 D:\VirtualHost\lakip\vendor\codeigniter4\framework\system\CodeIgniter.php(312): CodeIgniter\CodeIgniter->handleRequest(NULL, Object(Config\Cache), false)
#12 D:\VirtualHost\lakip\vendor\codeigniter4\framework\system\CLI\Console.php(86): CodeIgniter\CodeIgniter->run()
#13 D:\VirtualHost\lakip\spark(57): CodeIgniter\CLI\Console->run()
#14 {main}
CRITICAL - 2020-08-06 05:24:41 --> Class 'App\Database\Seeds\LakipSeeder' not found
#0 D:\VirtualHost\lakip\vendor\codeigniter4\framework\system\Commands\Database\Seed.php(124): CodeIgniter\Database\Seeder->call('App\\Database\\Se...')
#1 D:\VirtualHost\lakip\vendor\codeigniter4\framework\system\CLI\Commands.php(100): CodeIgniter\Commands\Database\Seed->run(Array)
#2 D:\VirtualHost\lakip\vendor\codeigniter4\framework\system\CLI\CommandRunner.php(107): CodeIgniter\CLI\Commands->run('db:seed', Array)
#3 D:\VirtualHost\lakip\vendor\codeigniter4\framework\system\CLI\CommandRunner.php(85): CodeIgniter\CLI\CommandRunner->index(Array)
#4 D:\VirtualHost\lakip\vendor\codeigniter4\framework\system\CodeIgniter.php(914): CodeIgniter\CLI\CommandRunner->_remap('index', 'db:seed', 'LakipSeeder')
#5 D:\VirtualHost\lakip\vendor\codeigniter4\framework\system\CodeIgniter.php(404): CodeIgniter\CodeIgniter->runController(Object(CodeIgniter\CLI\CommandRunner))
#6 D:\VirtualHost\lakip\vendor\codeigniter4\framework\system\CodeIgniter.php(312): CodeIgniter\CodeIgniter->handleRequest(NULL, Object(Config\Cache), false)
#7 D:\VirtualHost\lakip\vendor\codeigniter4\framework\system\CLI\Console.php(86): CodeIgniter\CodeIgniter->run()
#8 D:\VirtualHost\lakip\spark(57): CodeIgniter\CLI\Console->run()
#9 {main}
CRITICAL - 2020-08-06 05:26:19 --> Class 'App\Database\Seeds\LakipSeeder' not found
#0 D:\VirtualHost\lakip\vendor\codeigniter4\framework\system\Commands\Database\Seed.php(124): CodeIgniter\Database\Seeder->call('App\\Database\\Se...')
#1 D:\VirtualHost\lakip\vendor\codeigniter4\framework\system\CLI\Commands.php(100): CodeIgniter\Commands\Database\Seed->run(Array)
#2 D:\VirtualHost\lakip\vendor\codeigniter4\framework\system\CLI\CommandRunner.php(107): CodeIgniter\CLI\Commands->run('db:seed', Array)
#3 D:\VirtualHost\lakip\vendor\codeigniter4\framework\system\CLI\CommandRunner.php(85): CodeIgniter\CLI\CommandRunner->index(Array)
#4 D:\VirtualHost\lakip\vendor\codeigniter4\framework\system\CodeIgniter.php(914): CodeIgniter\CLI\CommandRunner->_remap('index', 'db:seed', 'LakipSeeder')
#5 D:\VirtualHost\lakip\vendor\codeigniter4\framework\system\CodeIgniter.php(404): CodeIgniter\CodeIgniter->runController(Object(CodeIgniter\CLI\CommandRunner))
#6 D:\VirtualHost\lakip\vendor\codeigniter4\framework\system\CodeIgniter.php(312): CodeIgniter\CodeIgniter->handleRequest(NULL, Object(Config\Cache), false)
#7 D:\VirtualHost\lakip\vendor\codeigniter4\framework\system\CLI\Console.php(86): CodeIgniter\CodeIgniter->run()
#8 D:\VirtualHost\lakip\spark(57): CodeIgniter\CLI\Console->run()
#9 {main}
CRITICAL - 2020-08-06 05:42:10 --> Class 'App\Database\Seeds\Faker\Factory' not found
#0 D:\VirtualHost\lakip\vendor\codeigniter4\framework\system\Database\Seeder.php(174): App\Database\Seeds\LakipSeeder->run()
#1 D:\VirtualHost\lakip\vendor\codeigniter4\framework\system\Commands\Database\Seed.php(124): CodeIgniter\Database\Seeder->call('App\\Database\\Se...')
#2 D:\VirtualHost\lakip\vendor\codeigniter4\framework\system\CLI\Commands.php(100): CodeIgniter\Commands\Database\Seed->run(Array)
#3 D:\VirtualHost\lakip\vendor\codeigniter4\framework\system\CLI\CommandRunner.php(107): CodeIgniter\CLI\Commands->run('db:seed', Array)
#4 D:\VirtualHost\lakip\vendor\codeigniter4\framework\system\CLI\CommandRunner.php(85): CodeIgniter\CLI\CommandRunner->index(Array)
#5 D:\VirtualHost\lakip\vendor\codeigniter4\framework\system\CodeIgniter.php(914): CodeIgniter\CLI\CommandRunner->_remap('index', 'db:seed', 'LakipSeeder')
#6 D:\VirtualHost\lakip\vendor\codeigniter4\framework\system\CodeIgniter.php(404): CodeIgniter\CodeIgniter->runController(Object(CodeIgniter\CLI\CommandRunner))
#7 D:\VirtualHost\lakip\vendor\codeigniter4\framework\system\CodeIgniter.php(312): CodeIgniter\CodeIgniter->handleRequest(NULL, Object(Config\Cache), false)
#8 D:\VirtualHost\lakip\vendor\codeigniter4\framework\system\CLI\Console.php(86): CodeIgniter\CodeIgniter->run()
#9 D:\VirtualHost\lakip\spark(57): CodeIgniter\CLI\Console->run()
#10 {main}
CRITICAL - 2020-08-06 06:04:11 --> Namespace declaration statement has to be the very first statement or after any declare call in the script
#0 [internal function]: CodeIgniter\Debug\Exceptions->shutdownHandler()
#1 {main}
CRITICAL - 2020-08-06 06:04:59 --> CodeIgniter\Database\Seeder::main(): Failed opening required 'vendor/autoload.php' (include_path='.;C:\php\pear')
#0 [internal function]: CodeIgniter\Debug\Exceptions->shutdownHandler()
#1 {main}
CRITICAL - 2020-08-06 07:12:24 --> Function name must be a string
#0 D:\VirtualHost\lakip\vendor\codeigniter4\framework\system\Database\Seeder.php(174): App\Database\Seeds\LakipSeeder->run()
#1 D:\VirtualHost\lakip\vendor\codeigniter4\framework\system\Commands\Database\Seed.php(124): CodeIgniter\Database\Seeder->call('App\\Database\\Se...')
#2 D:\VirtualHost\lakip\vendor\codeigniter4\framework\system\CLI\Commands.php(100): CodeIgniter\Commands\Database\Seed->run(Array)
#3 D:\VirtualHost\lakip\vendor\codeigniter4\framework\system\CLI\CommandRunner.php(107): CodeIgniter\CLI\Commands->run('db:seed', Array)
#4 D:\VirtualHost\lakip\vendor\codeigniter4\framework\system\CLI\CommandRunner.php(85): CodeIgniter\CLI\CommandRunner->index(Array)
#5 D:\VirtualHost\lakip\vendor\codeigniter4\framework\system\CodeIgniter.php(914): CodeIgniter\CLI\CommandRunner->_remap('index', 'db:seed', 'LakipSeeder')
#6 D:\VirtualHost\lakip\vendor\codeigniter4\framework\system\CodeIgniter.php(404): CodeIgniter\CodeIgniter->runController(Object(CodeIgniter\CLI\CommandRunner))
#7 D:\VirtualHost\lakip\vendor\codeigniter4\framework\system\CodeIgniter.php(312): CodeIgniter\CodeIgniter->handleRequest(NULL, Object(Config\Cache), false)
#8 D:\VirtualHost\lakip\vendor\codeigniter4\framework\system\CLI\Console.php(86): CodeIgniter\CodeIgniter->run()
#9 D:\VirtualHost\lakip\spark(57): CodeIgniter\CLI\Console->run()
#10 {main}
CRITICAL - 2020-08-06 07:14:10 --> Function name must be a string
#0 D:\VirtualHost\lakip\vendor\codeigniter4\framework\system\Database\Seeder.php(174): App\Database\Seeds\LakipSeeder->run()
#1 D:\VirtualHost\lakip\vendor\codeigniter4\framework\system\Commands\Database\Seed.php(124): CodeIgniter\Database\Seeder->call('App\\Database\\Se...')
#2 D:\VirtualHost\lakip\vendor\codeigniter4\framework\system\CLI\Commands.php(100): CodeIgniter\Commands\Database\Seed->run(Array)
#3 D:\VirtualHost\lakip\vendor\codeigniter4\framework\system\CLI\CommandRunner.php(107): CodeIgniter\CLI\Commands->run('db:seed', Array)
#4 D:\VirtualHost\lakip\vendor\codeigniter4\framework\system\CLI\CommandRunner.php(85): CodeIgniter\CLI\CommandRunner->index(Array)
#5 D:\VirtualHost\lakip\vendor\codeigniter4\framework\system\CodeIgniter.php(914): CodeIgniter\CLI\CommandRunner->_remap('index', 'db:seed', 'LakipSeeder')
#6 D:\VirtualHost\lakip\vendor\codeigniter4\framework\system\CodeIgniter.php(404): CodeIgniter\CodeIgniter->runController(Object(CodeIgniter\CLI\CommandRunner))
#7 D:\VirtualHost\lakip\vendor\codeigniter4\framework\system\CodeIgniter.php(312): CodeIgniter\CodeIgniter->handleRequest(NULL, Object(Config\Cache), false)
#8 D:\VirtualHost\lakip\vendor\codeigniter4\framework\system\CLI\Console.php(86): CodeIgniter\CodeIgniter->run()
#9 D:\VirtualHost\lakip\spark(57): CodeIgniter\CLI\Console->run()
#10 {main}
CRITICAL - 2020-08-06 07:51:57 --> Undefined variable: currentPage
#0 D:\VirtualHost\lakip\app\Views\lakip\index.php(31): CodeIgniter\Debug\Exceptions->errorHandler(8, 'Undefined varia...', 'D:\\VirtualHost\\...', 31, Array)
#1 D:\VirtualHost\lakip\vendor\codeigniter4\framework\system\View\View.php(246): include('D:\\VirtualHost\\...')
#2 D:\VirtualHost\lakip\vendor\codeigniter4\framework\system\Common.php(1119): CodeIgniter\View\View->render('lakip/index', Array, true)
#3 D:\VirtualHost\lakip\app\Controllers\Lakip.php(13): view('lakip/index', Array)
#4 D:\VirtualHost\lakip\vendor\codeigniter4\framework\system\CodeIgniter.php(918): App\Controllers\Lakip->index()
#5 D:\VirtualHost\lakip\vendor\codeigniter4\framework\system\CodeIgniter.php(404): CodeIgniter\CodeIgniter->runController(Object(App\Controllers\Lakip))
#6 D:\VirtualHost\lakip\vendor\codeigniter4\framework\system\CodeIgniter.php(312): CodeIgniter\CodeIgniter->handleRequest(NULL, Object(Config\Cache), false)
#7 D:\VirtualHost\lakip\public\index.php(45): CodeIgniter\CodeIgniter->run()
#8 D:\VirtualHost\lakip\vendor\codeigniter4\framework\system\Commands\Server\rewrite.php(34): require_once('D:\\VirtualHost\\...')
#9 {main}
CRITICAL - 2020-08-06 07:56:22 --> Class 'App\Controllers\LakipModel' not found
#0 D:\VirtualHost\lakip\vendor\codeigniter4\framework\system\CodeIgniter.php(890): App\Controllers\Lakip->__construct()
#1 D:\VirtualHost\lakip\vendor\codeigniter4\framework\system\CodeIgniter.php(399): CodeIgniter\CodeIgniter->createController()
#2 D:\VirtualHost\lakip\vendor\codeigniter4\framework\system\CodeIgniter.php(312): CodeIgniter\CodeIgniter->handleRequest(NULL, Object(Config\Cache), false)
#3 D:\VirtualHost\lakip\public\index.php(45): CodeIgniter\CodeIgniter->run()
#4 D:\VirtualHost\lakip\vendor\codeigniter4\framework\system\Commands\Server\rewrite.php(34): require_once('D:\\VirtualHost\\...')
#5 {main}
CRITICAL - 2020-08-06 08:00:18 --> Class 'App\Controllers\LakipModel' not found
#0 D:\VirtualHost\lakip\vendor\codeigniter4\framework\system\CodeIgniter.php(890): App\Controllers\Lakip->__construct()
#1 D:\VirtualHost\lakip\vendor\codeigniter4\framework\system\CodeIgniter.php(399): CodeIgniter\CodeIgniter->createController()
#2 D:\VirtualHost\lakip\vendor\codeigniter4\framework\system\CodeIgniter.php(312): CodeIgniter\CodeIgniter->handleRequest(NULL, Object(Config\Cache), false)
#3 D:\VirtualHost\lakip\public\index.php(45): CodeIgniter\CodeIgniter->run()
#4 D:\VirtualHost\lakip\vendor\codeigniter4\framework\system\Commands\Server\rewrite.php(34): require_once('D:\\VirtualHost\\...')
#5 {main}
CRITICAL - 2020-08-06 08:05:22 --> Class 'App\Controllers\LakipModel' not found
#0 D:\VirtualHost\lakip\vendor\codeigniter4\framework\system\CodeIgniter.php(890): App\Controllers\Lakip->__construct()
#1 D:\VirtualHost\lakip\vendor\codeigniter4\framework\system\CodeIgniter.php(399): CodeIgniter\CodeIgniter->createController()
#2 D:\VirtualHost\lakip\vendor\codeigniter4\framework\system\CodeIgniter.php(312): CodeIgniter\CodeIgniter->handleRequest(NULL, Object(Config\Cache), false)
#3 D:\VirtualHost\lakip\public\index.php(45): CodeIgniter\CodeIgniter->run()
#4 D:\VirtualHost\lakip\vendor\codeigniter4\framework\system\Commands\Server\rewrite.php(34): require_once('D:\\VirtualHost\\...')
#5 {main}
CRITICAL - 2020-08-06 08:06:07 --> lakip_pagination is not a valid Pager template.
#0 D:\VirtualHost\lakip\vendor\codeigniter4\framework\system\Pager\Pager.php(182): CodeIgniter\Pager\Exceptions\PagerException::forInvalidTemplate('lakip_paginatio...')
#1 D:\VirtualHost\lakip\vendor\codeigniter4\framework\system\Pager\Pager.php(121): CodeIgniter\Pager\Pager->displayLinks('lakip', 'lakip_paginatio...')
#2 D:\VirtualHost\lakip\app\Views\lakip\index.php(48): CodeIgniter\Pager\Pager->links('lakip', 'lakip_paginatio...')
#3 D:\VirtualHost\lakip\vendor\codeigniter4\framework\system\View\View.php(246): include('D:\\VirtualHost\\...')
#4 D:\VirtualHost\lakip\vendor\codeigniter4\framework\system\Common.php(1119): CodeIgniter\View\View->render('lakip/index', Array, true)
#5 D:\VirtualHost\lakip\app\Controllers\Lakip.php(32): view('lakip/index', Array)
#6 D:\VirtualHost\lakip\vendor\codeigniter4\framework\system\CodeIgniter.php(918): App\Controllers\Lakip->index()
#7 D:\VirtualHost\lakip\vendor\codeigniter4\framework\system\CodeIgniter.php(404): CodeIgniter\CodeIgniter->runController(Object(App\Controllers\Lakip))
#8 D:\VirtualHost\lakip\vendor\codeigniter4\framework\system\CodeIgniter.php(312): CodeIgniter\CodeIgniter->handleRequest(NULL, Object(Config\Cache), false)
#9 D:\VirtualHost\lakip\public\index.php(45): CodeIgniter\CodeIgniter->run()
#10 D:\VirtualHost\lakip\vendor\codeigniter4\framework\system\Commands\Server\rewrite.php(34): require_once('D:\\VirtualHost\\...')
#11 {main}
CRITICAL - 2020-08-06 08:11:32 --> lakip_pagination is not a valid Pager template.
#0 D:\VirtualHost\lakip\vendor\codeigniter4\framework\system\Pager\Pager.php(182): CodeIgniter\Pager\Exceptions\PagerException::forInvalidTemplate('lakip_paginatio...')
#1 D:\VirtualHost\lakip\vendor\codeigniter4\framework\system\Pager\Pager.php(121): CodeIgniter\Pager\Pager->displayLinks('lakip', 'lakip_paginatio...')
#2 D:\VirtualHost\lakip\app\Views\lakip\index.php(48): CodeIgniter\Pager\Pager->links('lakip', 'lakip_paginatio...')
#3 D:\VirtualHost\lakip\vendor\codeigniter4\framework\system\View\View.php(246): include('D:\\VirtualHost\\...')
#4 D:\VirtualHost\lakip\vendor\codeigniter4\framework\system\Common.php(1119): CodeIgniter\View\View->render('lakip/index', Array, true)
#5 D:\VirtualHost\lakip\app\Controllers\Lakip.php(33): view('lakip/index', Array)
#6 D:\VirtualHost\lakip\vendor\codeigniter4\framework\system\CodeIgniter.php(918): App\Controllers\Lakip->index()
#7 D:\VirtualHost\lakip\vendor\codeigniter4\framework\system\CodeIgniter.php(404): CodeIgniter\CodeIgniter->runController(Object(App\Controllers\Lakip))
#8 D:\VirtualHost\lakip\vendor\codeigniter4\framework\system\CodeIgniter.php(312): CodeIgniter\CodeIgniter->handleRequest(NULL, Object(Config\Cache), false)
#9 D:\VirtualHost\lakip\public\index.php(45): CodeIgniter\CodeIgniter->run()
#10 D:\VirtualHost\lakip\vendor\codeigniter4\framework\system\Commands\Server\rewrite.php(34): require_once('D:\\VirtualHost\\...')
#11 {main}
CRITICAL - 2020-08-06 08:14:37 --> lakip_pagination is not a valid Pager template.
#0 D:\VirtualHost\lakip\vendor\codeigniter4\framework\system\Pager\Pager.php(182): CodeIgniter\Pager\Exceptions\PagerException::forInvalidTemplate('lakip_paginatio...')
#1 D:\VirtualHost\lakip\vendor\codeigniter4\framework\system\Pager\Pager.php(121): CodeIgniter\Pager\Pager->displayLinks('lakip', 'lakip_paginatio...')
#2 D:\VirtualHost\lakip\app\Views\lakip\index.php(48): CodeIgniter\Pager\Pager->links('lakip', 'lakip_paginatio...')
#3 D:\VirtualHost\lakip\vendor\codeigniter4\framework\system\View\View.php(246): include('D:\\VirtualHost\\...')
#4 D:\VirtualHost\lakip\vendor\codeigniter4\framework\system\Common.php(1119): CodeIgniter\View\View->render('lakip/index', Array, true)
#5 D:\VirtualHost\lakip\app\Controllers\Lakip.php(33): view('lakip/index', Array)
#6 D:\VirtualHost\lakip\vendor\codeigniter4\framework\system\CodeIgniter.php(918): App\Controllers\Lakip->index()
#7 D:\VirtualHost\lakip\vendor\codeigniter4\framework\system\CodeIgniter.php(404): CodeIgniter\CodeIgniter->runController(Object(App\Controllers\Lakip))
#8 D:\VirtualHost\lakip\vendor\codeigniter4\framework\system\CodeIgniter.php(312): CodeIgniter\CodeIgniter->handleRequest(NULL, Object(Config\Cache), false)
#9 D:\VirtualHost\lakip\public\index.php(45): CodeIgniter\CodeIgniter->run()
#10 D:\VirtualHost\lakip\vendor\codeigniter4\framework\system\Commands\Server\rewrite.php(34): require_once('D:\\VirtualHost\\...')
#11 {main}
CRITICAL - 2020-08-06 08:14:39 --> lakip_pagination is not a valid Pager template.
#0 D:\VirtualHost\lakip\vendor\codeigniter4\framework\system\Pager\Pager.php(182): CodeIgniter\Pager\Exceptions\PagerException::forInvalidTemplate('lakip_paginatio...')
#1 D:\VirtualHost\lakip\vendor\codeigniter4\framework\system\Pager\Pager.php(121): CodeIgniter\Pager\Pager->displayLinks('lakip', 'lakip_paginatio...')
#2 D:\VirtualHost\lakip\app\Views\lakip\index.php(48): CodeIgniter\Pager\Pager->links('lakip', 'lakip_paginatio...')
#3 D:\VirtualHost\lakip\vendor\codeigniter4\framework\system\View\View.php(246): include('D:\\VirtualHost\\...')
#4 D:\VirtualHost\lakip\vendor\codeigniter4\framework\system\Common.php(1119): CodeIgniter\View\View->render('lakip/index', Array, true)
#5 D:\VirtualHost\lakip\app\Controllers\Lakip.php(33): view('lakip/index', Array)
#6 D:\VirtualHost\lakip\vendor\codeigniter4\framework\system\CodeIgniter.php(918): App\Controllers\Lakip->index()
#7 D:\VirtualHost\lakip\vendor\codeigniter4\framework\system\CodeIgniter.php(404): CodeIgniter\CodeIgniter->runController(Object(App\Controllers\Lakip))
#8 D:\VirtualHost\lakip\vendor\codeigniter4\framework\system\CodeIgniter.php(312): CodeIgniter\CodeIgniter->handleRequest(NULL, Object(Config\Cache), false)
#9 D:\VirtualHost\lakip\public\index.php(45): CodeIgniter\CodeIgniter->run()
#10 D:\VirtualHost\lakip\vendor\codeigniter4\framework\system\Commands\Server\rewrite.php(34): require_once('D:\\VirtualHost\\...')
#11 {main}
CRITICAL - 2020-08-06 08:20:47 --> lakip_pagination is not a valid Pager template.
#0 D:\VirtualHost\lakip\vendor\codeigniter4\framework\system\Pager\Pager.php(182): CodeIgniter\Pager\Exceptions\PagerException::forInvalidTemplate('lakip_paginatio...')
#1 D:\VirtualHost\lakip\vendor\codeigniter4\framework\system\Pager\Pager.php(121): CodeIgniter\Pager\Pager->displayLinks('lakip', 'lakip_paginatio...')
#2 D:\VirtualHost\lakip\app\Views\lakip\index.php(48): CodeIgniter\Pager\Pager->links('lakip', 'lakip_paginatio...')
#3 D:\VirtualHost\lakip\vendor\codeigniter4\framework\system\View\View.php(246): include('D:\\VirtualHost\\...')
#4 D:\VirtualHost\lakip\vendor\codeigniter4\framework\system\Common.php(1119): CodeIgniter\View\View->render('lakip/index', Array, true)
#5 D:\VirtualHost\lakip\app\Controllers\Lakip.php(33): view('lakip/index', Array)
#6 D:\VirtualHost\lakip\vendor\codeigniter4\framework\system\CodeIgniter.php(918): App\Controllers\Lakip->index()
#7 D:\VirtualHost\lakip\vendor\codeigniter4\framework\system\CodeIgniter.php(404): CodeIgniter\CodeIgniter->runController(Object(App\Controllers\Lakip))
#8 D:\VirtualHost\lakip\vendor\codeigniter4\framework\system\CodeIgniter.php(312): CodeIgniter\CodeIgniter->handleRequest(NULL, Object(Config\Cache), false)
#9 D:\VirtualHost\lakip\public\index.php(45): CodeIgniter\CodeIgniter->run()
#10 D:\VirtualHost\lakip\vendor\codeigniter4\framework\system\Commands\Server\rewrite.php(34): require_once('D:\\VirtualHost\\...')
#11 {main}
CRITICAL - 2020-08-06 08:22:51 --> lakip_pagination is not a valid Pager template.
#0 D:\VirtualHost\lakip\vendor\codeigniter4\framework\system\Pager\Pager.php(182): CodeIgniter\Pager\Exceptions\PagerException::forInvalidTemplate('lakip_paginatio...')
#1 D:\VirtualHost\lakip\vendor\codeigniter4\framework\system\Pager\Pager.php(121): CodeIgniter\Pager\Pager->displayLinks('lakip', 'lakip_paginatio...')
#2 D:\VirtualHost\lakip\app\Views\lakip\index.php(48): CodeIgniter\Pager\Pager->links('lakip', 'lakip_paginatio...')
#3 D:\VirtualHost\lakip\vendor\codeigniter4\framework\system\View\View.php(246): include('D:\\VirtualHost\\...')
#4 D:\VirtualHost\lakip\vendor\codeigniter4\framework\system\Common.php(1119): CodeIgniter\View\View->render('lakip/index', Array, true)
#5 D:\VirtualHost\lakip\app\Controllers\Lakip.php(33): view('lakip/index', Array)
#6 D:\VirtualHost\lakip\vendor\codeigniter4\framework\system\CodeIgniter.php(918): App\Controllers\Lakip->index()
#7 D:\VirtualHost\lakip\vendor\codeigniter4\framework\system\CodeIgniter.php(404): CodeIgniter\CodeIgniter->runController(Object(App\Controllers\Lakip))
#8 D:\VirtualHost\lakip\vendor\codeigniter4\framework\system\CodeIgniter.php(312): CodeIgniter\CodeIgniter->handleRequest(NULL, Object(Config\Cache), false)
#9 D:\VirtualHost\lakip\public\index.php(45): CodeIgniter\CodeIgniter->run()
#10 D:\VirtualHost\lakip\vendor\codeigniter4\framework\system\Commands\Server\rewrite.php(34): require_once('D:\\VirtualHost\\...')
#11 {main}
CRITICAL - 2020-08-06 08:41:09 --> lakip_pagination is not a valid Pager template.
#0 D:\VirtualHost\lakip\vendor\codeigniter4\framework\system\Pager\Pager.php(182): CodeIgniter\Pager\Exceptions\PagerException::forInvalidTemplate('lakip_paginatio...')
#1 D:\VirtualHost\lakip\vendor\codeigniter4\framework\system\Pager\Pager.php(121): CodeIgniter\Pager\Pager->displayLinks('lakip', 'lakip_paginatio...')
#2 D:\VirtualHost\lakip\app\Views\lakip\index.php(48): CodeIgniter\Pager\Pager->links('lakip', 'lakip_paginatio...')
#3 D:\VirtualHost\lakip\vendor\codeigniter4\framework\system\View\View.php(246): include('D:\\VirtualHost\\...')
#4 D:\VirtualHost\lakip\vendor\codeigniter4\framework\system\Common.php(1119): CodeIgniter\View\View->render('lakip/index', Array, true)
#5 D:\VirtualHost\lakip\app\Controllers\Lakip.php(34): view('lakip/index', Array)
#6 D:\VirtualHost\lakip\vendor\codeigniter4\framework\system\CodeIgniter.php(918): App\Controllers\Lakip->index()
#7 D:\VirtualHost\lakip\vendor\codeigniter4\framework\system\CodeIgniter.php(404): CodeIgniter\CodeIgniter->runController(Object(App\Controllers\Lakip))
#8 D:\VirtualHost\lakip\vendor\codeigniter4\framework\system\CodeIgniter.php(312): CodeIgniter\CodeIgniter->handleRequest(NULL, Object(Config\Cache), false)
#9 D:\VirtualHost\lakip\public\index.php(45): CodeIgniter\CodeIgniter->run()
#10 D:\VirtualHost\lakip\vendor\codeigniter4\framework\system\Commands\Server\rewrite.php(34): require_once('D:\\VirtualHost\\...')
#11 {main}
CRITICAL - 2020-08-06 08:43:15 --> lakip_pagination is not a valid Pager template.
#0 D:\VirtualHost\lakip\vendor\codeigniter4\framework\system\Pager\Pager.php(182): CodeIgniter\Pager\Exceptions\PagerException::forInvalidTemplate('lakip_paginatio...')
#1 D:\VirtualHost\lakip\vendor\codeigniter4\framework\system\Pager\Pager.php(121): CodeIgniter\Pager\Pager->displayLinks('lakip', 'lakip_paginatio...')
#2 D:\VirtualHost\lakip\app\Views\lakip\index.php(48): CodeIgniter\Pager\Pager->links('lakip', 'lakip_paginatio...')
#3 D:\VirtualHost\lakip\vendor\codeigniter4\framework\system\View\View.php(246): include('D:\\VirtualHost\\...')
#4 D:\VirtualHost\lakip\vendor\codeigniter4\framework\system\Common.php(1119): CodeIgniter\View\View->render('lakip/index', Array, true)
#5 D:\VirtualHost\lakip\app\Controllers\Lakip.php(34): view('lakip/index', Array)
#6 D:\VirtualHost\lakip\vendor\codeigniter4\framework\system\CodeIgniter.php(918): App\Controllers\Lakip->index()
#7 D:\VirtualHost\lakip\vendor\codeigniter4\framework\system\CodeIgniter.php(404): CodeIgniter\CodeIgniter->runController(Object(App\Controllers\Lakip))
#8 D:\VirtualHost\lakip\vendor\codeigniter4\framework\system\CodeIgniter.php(312): CodeIgniter\CodeIgniter->handleRequest(NULL, Object(Config\Cache), false)
#9 D:\VirtualHost\lakip\public\index.php(45): CodeIgniter\CodeIgniter->run()
#10 D:\VirtualHost\lakip\vendor\codeigniter4\framework\system\Commands\Server\rewrite.php(34): require_once('D:\\VirtualHost\\...')
#11 {main}
CRITICAL - 2020-08-06 08:49:36 --> lakip_pagination is not a valid Pager template.
#0 D:\VirtualHost\lakip\vendor\codeigniter4\framework\system\Pager\Pager.php(182): CodeIgniter\Pager\Exceptions\PagerException::forInvalidTemplate('lakip_paginatio...')
#1 D:\VirtualHost\lakip\vendor\codeigniter4\framework\system\Pager\Pager.php(121): CodeIgniter\Pager\Pager->displayLinks('lakip', 'lakip_paginatio...')
#2 D:\VirtualHost\lakip\app\Views\lakip\index.php(48): CodeIgniter\Pager\Pager->links('lakip', 'lakip_paginatio...')
#3 D:\VirtualHost\lakip\vendor\codeigniter4\framework\system\View\View.php(246): include('D:\\VirtualHost\\...')
#4 D:\VirtualHost\lakip\vendor\codeigniter4\framework\system\Common.php(1119): CodeIgniter\View\View->render('lakip/index', Array, true)
#5 D:\VirtualHost\lakip\app\Controllers\Lakip.php(34): view('lakip/index', Array)
#6 D:\VirtualHost\lakip\vendor\codeigniter4\framework\system\CodeIgniter.php(918): App\Controllers\Lakip->index()
#7 D:\VirtualHost\lakip\vendor\codeigniter4\framework\system\CodeIgniter.php(404): CodeIgniter\CodeIgniter->runController(Object(App\Controllers\Lakip))
#8 D:\VirtualHost\lakip\vendor\codeigniter4\framework\system\CodeIgniter.php(312): CodeIgniter\CodeIgniter->handleRequest(NULL, Object(Config\Cache), false)
#9 D:\VirtualHost\lakip\public\index.php(45): CodeIgniter\CodeIgniter->run()
#10 D:\VirtualHost\lakip\vendor\codeigniter4\framework\system\Commands\Server\rewrite.php(34): require_once('D:\\VirtualHost\\...')
#11 {main}
CRITICAL - 2020-08-06 08:51:33 --> lakip_pagination is not a valid Pager template.
#0 D:\VirtualHost\lakip\vendor\codeigniter4\framework\system\Pager\Pager.php(182): CodeIgniter\Pager\Exceptions\PagerException::forInvalidTemplate('lakip_paginatio...')
#1 D:\VirtualHost\lakip\vendor\codeigniter4\framework\system\Pager\Pager.php(121): CodeIgniter\Pager\Pager->displayLinks('lakip', 'lakip_paginatio...')
#2 D:\VirtualHost\lakip\app\Views\lakip\index.php(48): CodeIgniter\Pager\Pager->links('lakip', 'lakip_paginatio...')
#3 D:\VirtualHost\lakip\vendor\codeigniter4\framework\system\View\View.php(246): include('D:\\VirtualHost\\...')
#4 D:\VirtualHost\lakip\vendor\codeigniter4\framework\system\Common.php(1119): CodeIgniter\View\View->render('lakip/index', Array, true)
#5 D:\VirtualHost\lakip\app\Controllers\Lakip.php(34): view('lakip/index', Array)
#6 D:\VirtualHost\lakip\vendor\codeigniter4\framework\system\CodeIgniter.php(918): App\Controllers\Lakip->index()
#7 D:\VirtualHost\lakip\vendor\codeigniter4\framework\system\CodeIgniter.php(404): CodeIgniter\CodeIgniter->runController(Object(App\Controllers\Lakip))
#8 D:\VirtualHost\lakip\vendor\codeigniter4\framework\system\CodeIgniter.php(312): CodeIgniter\CodeIgniter->handleRequest(NULL, Object(Config\Cache), false)
#9 D:\VirtualHost\lakip\public\index.php(45): CodeIgniter\CodeIgniter->run()
#10 D:\VirtualHost\lakip\vendor\codeigniter4\framework\system\Commands\Server\rewrite.php(34): require_once('D:\\VirtualHost\\...')
#11 {main}
CRITICAL - 2020-08-06 08:51:34 --> lakip_pagination is not a valid Pager template.
#0 D:\VirtualHost\lakip\vendor\codeigniter4\framework\system\Pager\Pager.php(182): CodeIgniter\Pager\Exceptions\PagerException::forInvalidTemplate('lakip_paginatio...')
#1 D:\VirtualHost\lakip\vendor\codeigniter4\framework\system\Pager\Pager.php(121): CodeIgniter\Pager\Pager->displayLinks('lakip', 'lakip_paginatio...')
#2 D:\VirtualHost\lakip\app\Views\lakip\index.php(48): CodeIgniter\Pager\Pager->links('lakip', 'lakip_paginatio...')
#3 D:\VirtualHost\lakip\vendor\codeigniter4\framework\system\View\View.php(246): include('D:\\VirtualHost\\...')
#4 D:\VirtualHost\lakip\vendor\codeigniter4\framework\system\Common.php(1119): CodeIgniter\View\View->render('lakip/index', Array, true)
#5 D:\VirtualHost\lakip\app\Controllers\Lakip.php(34): view('lakip/index', Array)
#6 D:\VirtualHost\lakip\vendor\codeigniter4\framework\system\CodeIgniter.php(918): App\Controllers\Lakip->index()
#7 D:\VirtualHost\lakip\vendor\codeigniter4\framework\system\CodeIgniter.php(404): CodeIgniter\CodeIgniter->runController(Object(App\Controllers\Lakip))
#8 D:\VirtualHost\lakip\vendor\codeigniter4\framework\system\CodeIgniter.php(312): CodeIgniter\CodeIgniter->handleRequest(NULL, Object(Config\Cache), false)
#9 D:\VirtualHost\lakip\public\index.php(45): CodeIgniter\CodeIgniter->run()
#10 D:\VirtualHost\lakip\vendor\codeigniter4\framework\system\Commands\Server\rewrite.php(34): require_once('D:\\VirtualHost\\...')
#11 {main}
CRITICAL - 2020-08-06 08:57:15 --> lakip_pagination is not a valid Pager template.
#0 D:\VirtualHost\lakip\vendor\codeigniter4\framework\system\Pager\Pager.php(182): CodeIgniter\Pager\Exceptions\PagerException::forInvalidTemplate('lakip_paginatio...')
#1 D:\VirtualHost\lakip\vendor\codeigniter4\framework\system\Pager\Pager.php(121): CodeIgniter\Pager\Pager->displayLinks('lakip', 'lakip_paginatio...')
#2 D:\VirtualHost\lakip\app\Views\lakip\index.php(48): CodeIgniter\Pager\Pager->links('lakip', 'lakip_paginatio...')
#3 D:\VirtualHost\lakip\vendor\codeigniter4\framework\system\View\View.php(246): include('D:\\VirtualHost\\...')
#4 D:\VirtualHost\lakip\vendor\codeigniter4\framework\system\Common.php(1119): CodeIgniter\View\View->render('lakip/index', Array, true)
#5 D:\VirtualHost\lakip\app\Controllers\Lakip.php(34): view('lakip/index', Array)
#6 D:\VirtualHost\lakip\vendor\codeigniter4\framework\system\CodeIgniter.php(918): App\Controllers\Lakip->index()
#7 D:\VirtualHost\lakip\vendor\codeigniter4\framework\system\CodeIgniter.php(404): CodeIgniter\CodeIgniter->runController(Object(App\Controllers\Lakip))
#8 D:\VirtualHost\lakip\vendor\codeigniter4\framework\system\CodeIgniter.php(312): CodeIgniter\CodeIgniter->handleRequest(NULL, Object(Config\Cache), false)
#9 D:\VirtualHost\lakip\public\index.php(45): CodeIgniter\CodeIgniter->run()
#10 D:\VirtualHost\lakip\vendor\codeigniter4\framework\system\Commands\Server\rewrite.php(34): require_once('D:\\VirtualHost\\...')
#11 {main}
CRITICAL - 2020-08-06 08:57:18 --> lakip_pagination is not a valid Pager template.
#0 D:\VirtualHost\lakip\vendor\codeigniter4\framework\system\Pager\Pager.php(182): CodeIgniter\Pager\Exceptions\PagerException::forInvalidTemplate('lakip_paginatio...')
#1 D:\VirtualHost\lakip\vendor\codeigniter4\framework\system\Pager\Pager.php(121): CodeIgniter\Pager\Pager->displayLinks('lakip', 'lakip_paginatio...')
#2 D:\VirtualHost\lakip\app\Views\lakip\index.php(48): CodeIgniter\Pager\Pager->links('lakip', 'lakip_paginatio...')
#3 D:\VirtualHost\lakip\vendor\codeigniter4\framework\system\View\View.php(246): include('D:\\VirtualHost\\...')
#4 D:\VirtualHost\lakip\vendor\codeigniter4\framework\system\Common.php(1119): CodeIgniter\View\View->render('lakip/index', Array, true)
#5 D:\VirtualHost\lakip\app\Controllers\Lakip.php(34): view('lakip/index', Array)
#6 D:\VirtualHost\lakip\vendor\codeigniter4\framework\system\CodeIgniter.php(918): App\Controllers\Lakip->index()
#7 D:\VirtualHost\lakip\vendor\codeigniter4\framework\system\CodeIgniter.php(404): CodeIgniter\CodeIgniter->runController(Object(App\Controllers\Lakip))
#8 D:\VirtualHost\lakip\vendor\codeigniter4\framework\system\CodeIgniter.php(312): CodeIgniter\CodeIgniter->handleRequest(NULL, Object(Config\Cache), false)
#9 D:\VirtualHost\lakip\public\index.php(45): CodeIgniter\CodeIgniter->run()
#10 D:\VirtualHost\lakip\vendor\codeigniter4\framework\system\Commands\Server\rewrite.php(34): require_once('D:\\VirtualHost\\...')
#11 {main}
CRITICAL - 2020-08-06 08:59:01 --> lakip_pagination is not a valid Pager template.
#0 D:\VirtualHost\lakip\vendor\codeigniter4\framework\system\Pager\Pager.php(182): CodeIgniter\Pager\Exceptions\PagerException::forInvalidTemplate('lakip_paginatio...')
#1 D:\VirtualHost\lakip\vendor\codeigniter4\framework\system\Pager\Pager.php(121): CodeIgniter\Pager\Pager->displayLinks('lakip', 'lakip_paginatio...')
#2 D:\VirtualHost\lakip\app\Views\lakip\index.php(48): CodeIgniter\Pager\Pager->links('lakip', 'lakip_paginatio...')
#3 D:\VirtualHost\lakip\vendor\codeigniter4\framework\system\View\View.php(246): include('D:\\VirtualHost\\...')
#4 D:\VirtualHost\lakip\vendor\codeigniter4\framework\system\Common.php(1119): CodeIgniter\View\View->render('lakip/index', Array, true)
#5 D:\VirtualHost\lakip\app\Controllers\Lakip.php(34): view('lakip/index', Array)
#6 D:\VirtualHost\lakip\vendor\codeigniter4\framework\system\CodeIgniter.php(918): App\Controllers\Lakip->index()
#7 D:\VirtualHost\lakip\vendor\codeigniter4\framework\system\CodeIgniter.php(404): CodeIgniter\CodeIgniter->runController(Object(App\Controllers\Lakip))
#8 D:\VirtualHost\lakip\vendor\codeigniter4\framework\system\CodeIgniter.php(312): CodeIgniter\CodeIgniter->handleRequest(NULL, Object(Config\Cache), false)
#9 D:\VirtualHost\lakip\public\index.php(45): CodeIgniter\CodeIgniter->run()
#10 D:\VirtualHost\lakip\vendor\codeigniter4\framework\system\Commands\Server\rewrite.php(34): require_once('D:\\VirtualHost\\...')
#11 {main}
CRITICAL - 2020-08-06 09:10:26 --> Call to a member function paginate() on null
#0 D:\VirtualHost\lakip\vendor\codeigniter4\framework\system\CodeIgniter.php(918): App\Controllers\Lakip->index()
#1 D:\VirtualHost\lakip\vendor\codeigniter4\framework\system\CodeIgniter.php(404): CodeIgniter\CodeIgniter->runController(Object(App\Controllers\Lakip))
#2 D:\VirtualHost\lakip\vendor\codeigniter4\framework\system\CodeIgniter.php(312): CodeIgniter\CodeIgniter->handleRequest(NULL, Object(Config\Cache), false)
#3 D:\VirtualHost\lakip\public\index.php(45): CodeIgniter\CodeIgniter->run()
#4 D:\VirtualHost\lakip\vendor\codeigniter4\framework\system\Commands\Server\rewrite.php(34): require_once('D:\\VirtualHost\\...')
#5 {main}
CRITICAL - 2020-08-06 09:10:53 --> Call to a member function paginate() on null
#0 D:\VirtualHost\lakip\vendor\codeigniter4\framework\system\CodeIgniter.php(918): App\Controllers\Lakip->index()
#1 D:\VirtualHost\lakip\vendor\codeigniter4\framework\system\CodeIgniter.php(404): CodeIgniter\CodeIgniter->runController(Object(App\Controllers\Lakip))
#2 D:\VirtualHost\lakip\vendor\codeigniter4\framework\system\CodeIgniter.php(312): CodeIgniter\CodeIgniter->handleRequest(NULL, Object(Config\Cache), false)
#3 D:\VirtualHost\lakip\public\index.php(45): CodeIgniter\CodeIgniter->run()
#4 D:\VirtualHost\lakip\vendor\codeigniter4\framework\system\Commands\Server\rewrite.php(34): require_once('D:\\VirtualHost\\...')
#5 {main}
CRITICAL - 2020-08-06 09:13:03 --> Undefined variable: currentPage
#0 D:\VirtualHost\lakip\app\Views\lakip\index.php(32): CodeIgniter\Debug\Exceptions->errorHandler(8, 'Undefined varia...', 'D:\\VirtualHost\\...', 32, Array)
#1 D:\VirtualHost\lakip\vendor\codeigniter4\framework\system\View\View.php(246): include('D:\\VirtualHost\\...')
#2 D:\VirtualHost\lakip\vendor\codeigniter4\framework\system\Common.php(1119): CodeIgniter\View\View->render('lakip/index', Array, true)
#3 D:\VirtualHost\lakip\app\Controllers\Lakip.php(35): view('lakip/index', Array)
#4 D:\VirtualHost\lakip\vendor\codeigniter4\framework\system\CodeIgniter.php(918): App\Controllers\Lakip->index()
#5 D:\VirtualHost\lakip\vendor\codeigniter4\framework\system\CodeIgniter.php(404): CodeIgniter\CodeIgniter->runController(Object(App\Controllers\Lakip))
#6 D:\VirtualHost\lakip\vendor\codeigniter4\framework\system\CodeIgniter.php(312): CodeIgniter\CodeIgniter->handleRequest(NULL, Object(Config\Cache), false)
#7 D:\VirtualHost\lakip\public\index.php(45): CodeIgniter\CodeIgniter->run()
#8 D:\VirtualHost\lakip\vendor\codeigniter4\framework\system\Commands\Server\rewrite.php(34): require_once('D:\\VirtualHost\\...')
#9 {main}
CRITICAL - 2020-08-06 09:14:16 --> lakip_pagination is not a valid Pager template.
#0 D:\VirtualHost\lakip\vendor\codeigniter4\framework\system\Pager\Pager.php(182): CodeIgniter\Pager\Exceptions\PagerException::forInvalidTemplate('lakip_paginatio...')
#1 D:\VirtualHost\lakip\vendor\codeigniter4\framework\system\Pager\Pager.php(121): CodeIgniter\Pager\Pager->displayLinks('lakip', 'lakip_paginatio...')
#2 D:\VirtualHost\lakip\app\Views\lakip\index.php(49): CodeIgniter\Pager\Pager->links('lakip', 'lakip_paginatio...')
#3 D:\VirtualHost\lakip\vendor\codeigniter4\framework\system\View\View.php(246): include('D:\\VirtualHost\\...')
#4 D:\VirtualHost\lakip\vendor\codeigniter4\framework\system\Common.php(1119): CodeIgniter\View\View->render('lakip/index', Array, true)
#5 D:\VirtualHost\lakip\app\Controllers\Lakip.php(34): view('lakip/index', Array)
#6 D:\VirtualHost\lakip\vendor\codeigniter4\framework\system\CodeIgniter.php(918): App\Controllers\Lakip->index()
#7 D:\VirtualHost\lakip\vendor\codeigniter4\framework\system\CodeIgniter.php(404): CodeIgniter\CodeIgniter->runController(Object(App\Controllers\Lakip))
#8 D:\VirtualHost\lakip\vendor\codeigniter4\framework\system\CodeIgniter.php(312): CodeIgniter\CodeIgniter->handleRequest(NULL, Object(Config\Cache), false)
#9 D:\VirtualHost\lakip\public\index.php(45): CodeIgniter\CodeIgniter->run()
#10 D:\VirtualHost\lakip\vendor\codeigniter4\framework\system\Commands\Server\rewrite.php(34): require_once('D:\\VirtualHost\\...')
#11 {main}
CRITICAL - 2020-08-06 09:14:48 --> Undefined variable: currentPage
#0 D:\VirtualHost\lakip\app\Views\lakip\index.php(32): CodeIgniter\Debug\Exceptions->errorHandler(8, 'Undefined varia...', 'D:\\VirtualHost\\...', 32, Array)
#1 D:\VirtualHost\lakip\vendor\codeigniter4\framework\system\View\View.php(246): include('D:\\VirtualHost\\...')
#2 D:\VirtualHost\lakip\vendor\codeigniter4\framework\system\Common.php(1119): CodeIgniter\View\View->render('lakip/index', Array, true)
#3 D:\VirtualHost\lakip\app\Controllers\Lakip.php(34): view('lakip/index', Array)
#4 D:\VirtualHost\lakip\vendor\codeigniter4\framework\system\CodeIgniter.php(918): App\Controllers\Lakip->index()
#5 D:\VirtualHost\lakip\vendor\codeigniter4\framework\system\CodeIgniter.php(404): CodeIgniter\CodeIgniter->runController(Object(App\Controllers\Lakip))
#6 D:\VirtualHost\lakip\vendor\codeigniter4\framework\system\CodeIgniter.php(312): CodeIgniter\CodeIgniter->handleRequest(NULL, Object(Config\Cache), false)
#7 D:\VirtualHost\lakip\public\index.php(45): CodeIgniter\CodeIgniter->run()
#8 D:\VirtualHost\lakip\vendor\codeigniter4\framework\system\Commands\Server\rewrite.php(34): require_once('D:\\VirtualHost\\...')
#9 {main}
CRITICAL - 2020-08-06 09:15:14 --> Undefined variable: currentPage
#0 D:\VirtualHost\lakip\app\Views\lakip\index.php(32): CodeIgniter\Debug\Exceptions->errorHandler(8, 'Undefined varia...', 'D:\\VirtualHost\\...', 32, Array)
#1 D:\VirtualHost\lakip\vendor\codeigniter4\framework\system\View\View.php(246): include('D:\\VirtualHost\\...')
#2 D:\VirtualHost\lakip\vendor\codeigniter4\framework\system\Common.php(1119): CodeIgniter\View\View->render('lakip/index', Array, true)
#3 D:\VirtualHost\lakip\app\Controllers\Lakip.php(34): view('lakip/index', Array)
#4 D:\VirtualHost\lakip\vendor\codeigniter4\framework\system\CodeIgniter.php(918): App\Controllers\Lakip->index()
#5 D:\VirtualHost\lakip\vendor\codeigniter4\framework\system\CodeIgniter.php(404): CodeIgniter\CodeIgniter->runController(Object(App\Controllers\Lakip))
#6 D:\VirtualHost\lakip\vendor\codeigniter4\framework\system\CodeIgniter.php(312): CodeIgniter\CodeIgniter->handleRequest(NULL, Object(Config\Cache), false)
#7 D:\VirtualHost\lakip\public\index.php(45): CodeIgniter\CodeIgniter->run()
#8 D:\VirtualHost\lakip\vendor\codeigniter4\framework\system\Commands\Server\rewrite.php(34): require_once('D:\\VirtualHost\\...')
#9 {main}
CRITICAL - 2020-08-06 09:16:17 --> Undefined variable: lakip
#0 D:\VirtualHost\lakip\app\Views\lakip\index.php(33): CodeIgniter\Debug\Exceptions->errorHandler(8, 'Undefined varia...', 'D:\\VirtualHost\\...', 33, Array)
#1 D:\VirtualHost\lakip\vendor\codeigniter4\framework\system\View\View.php(246): include('D:\\VirtualHost\\...')
#2 D:\VirtualHost\lakip\vendor\codeigniter4\framework\system\Common.php(1119): CodeIgniter\View\View->render('lakip/index', Array, true)
#3 D:\VirtualHost\lakip\app\Controllers\Lakip.php(34): view('lakip/index', Array)
#4 D:\VirtualHost\lakip\vendor\codeigniter4\framework\system\CodeIgniter.php(918): App\Controllers\Lakip->index()
#5 D:\VirtualHost\lakip\vendor\codeigniter4\framework\system\CodeIgniter.php(404): CodeIgniter\CodeIgniter->runController(Object(App\Controllers\Lakip))
#6 D:\VirtualHost\lakip\vendor\codeigniter4\framework\system\CodeIgniter.php(312): CodeIgniter\CodeIgniter->handleRequest(NULL, Object(Config\Cache), false)
#7 D:\VirtualHost\lakip\public\index.php(45): CodeIgniter\CodeIgniter->run()
#8 D:\VirtualHost\lakip\vendor\codeigniter4\framework\system\Commands\Server\rewrite.php(34): require_once('D:\\VirtualHost\\...')
#9 {main}
CRITICAL - 2020-08-06 09:18:12 --> Undefined variable: i
#0 D:\VirtualHost\lakip\app\Views\lakip\index.php(35): CodeIgniter\Debug\Exceptions->errorHandler(8, 'Undefined varia...', 'D:\\VirtualHost\\...', 35, Array)
#1 D:\VirtualHost\lakip\vendor\codeigniter4\framework\system\View\View.php(246): include('D:\\VirtualHost\\...')
#2 D:\VirtualHost\lakip\vendor\codeigniter4\framework\system\Common.php(1119): CodeIgniter\View\View->render('lakip/index', Array, true)
#3 D:\VirtualHost\lakip\app\Controllers\Lakip.php(37): view('lakip/index', Array)
#4 D:\VirtualHost\lakip\vendor\codeigniter4\framework\system\CodeIgniter.php(918): App\Controllers\Lakip->index()
#5 D:\VirtualHost\lakip\vendor\codeigniter4\framework\system\CodeIgniter.php(404): CodeIgniter\CodeIgniter->runController(Object(App\Controllers\Lakip))
#6 D:\VirtualHost\lakip\vendor\codeigniter4\framework\system\CodeIgniter.php(312): CodeIgniter\CodeIgniter->handleRequest(NULL, Object(Config\Cache), false)
#7 D:\VirtualHost\lakip\public\index.php(45): CodeIgniter\CodeIgniter->run()
#8 D:\VirtualHost\lakip\vendor\codeigniter4\framework\system\Commands\Server\rewrite.php(34): require_once('D:\\VirtualHost\\...')
#9 {main}
CRITICAL - 2020-08-06 09:19:11 --> Undefined variable: i
#0 D:\VirtualHost\lakip\app\Views\lakip\index.php(35): CodeIgniter\Debug\Exceptions->errorHandler(8, 'Undefined varia...', 'D:\\VirtualHost\\...', 35, Array)
#1 D:\VirtualHost\lakip\vendor\codeigniter4\framework\system\View\View.php(246): include('D:\\VirtualHost\\...')
#2 D:\VirtualHost\lakip\vendor\codeigniter4\framework\system\Common.php(1119): CodeIgniter\View\View->render('lakip/index', Array, true)
#3 D:\VirtualHost\lakip\app\Controllers\Lakip.php(37): view('lakip/index', Array)
#4 D:\VirtualHost\lakip\vendor\codeigniter4\framework\system\CodeIgniter.php(918): App\Controllers\Lakip->index()
#5 D:\VirtualHost\lakip\vendor\codeigniter4\framework\system\CodeIgniter.php(404): CodeIgniter\CodeIgniter->runController(Object(App\Controllers\Lakip))
#6 D:\VirtualHost\lakip\vendor\codeigniter4\framework\system\CodeIgniter.php(312): CodeIgniter\CodeIgniter->handleRequest(NULL, Object(Config\Cache), false)
#7 D:\VirtualHost\lakip\public\index.php(45): CodeIgniter\CodeIgniter->run()
#8 D:\VirtualHost\lakip\vendor\codeigniter4\framework\system\Commands\Server\rewrite.php(34): require_once('D:\\VirtualHost\\...')
#9 {main}
CRITICAL - 2020-08-06 09:19:41 --> Undefined variable: currentPage
#0 D:\VirtualHost\lakip\app\Views\lakip\index.php(32): CodeIgniter\Debug\Exceptions->errorHandler(8, 'Undefined varia...', 'D:\\VirtualHost\\...', 32, Array)
#1 D:\VirtualHost\lakip\vendor\codeigniter4\framework\system\View\View.php(246): include('D:\\VirtualHost\\...')
#2 D:\VirtualHost\lakip\vendor\codeigniter4\framework\system\Common.php(1119): CodeIgniter\View\View->render('lakip/index', Array, true)
#3 D:\VirtualHost\lakip\app\Controllers\Lakip.php(37): view('lakip/index', Array)
#4 D:\VirtualHost\lakip\vendor\codeigniter4\framework\system\CodeIgniter.php(918): App\Controllers\Lakip->index()
#5 D:\VirtualHost\lakip\vendor\codeigniter4\framework\system\CodeIgniter.php(404): CodeIgniter\CodeIgniter->runController(Object(App\Controllers\Lakip))
#6 D:\VirtualHost\lakip\vendor\codeigniter4\framework\system\CodeIgniter.php(312): CodeIgniter\CodeIgniter->handleRequest(NULL, Object(Config\Cache), false)
#7 D:\VirtualHost\lakip\public\index.php(45): CodeIgniter\CodeIgniter->run()
#8 D:\VirtualHost\lakip\vendor\codeigniter4\framework\system\Commands\Server\rewrite.php(34): require_once('D:\\VirtualHost\\...')
#9 {main}
