CRITICAL - 2020-08-05 17:58:50 --> include(template/header.php): failed to open stream: No such file or directory
#0 D:\VirtualHost\lakip\app\Views\index.php(1): CodeIgniter\Debug\Exceptions->errorHandler(2, 'include(templat...', 'D:\\VirtualHost\\...', 1, Array)
#1 D:\VirtualHost\lakip\app\Views\index.php(1): include()
#2 D:\VirtualHost\lakip\vendor\codeigniter4\framework\system\View\View.php(246): include('D:\\VirtualHost\\...')
#3 D:\VirtualHost\lakip\vendor\codeigniter4\framework\system\Common.php(1119): CodeIgniter\View\View->render('index', Array, true)
#4 D:\VirtualHost\lakip\app\Controllers\Home.php(9): view('index')
#5 D:\VirtualHost\lakip\vendor\codeigniter4\framework\system\CodeIgniter.php(918): App\Controllers\Home->index()
#6 D:\VirtualHost\lakip\vendor\codeigniter4\framework\system\CodeIgniter.php(404): CodeIgniter\CodeIgniter->runController(Object(App\Controllers\Home))
#7 D:\VirtualHost\lakip\vendor\codeigniter4\framework\system\CodeIgniter.php(312): CodeIgniter\CodeIgniter->handleRequest(NULL, Object(Config\Cache), false)
#8 D:\VirtualHost\lakip\public\index.php(45): CodeIgniter\CodeIgniter->run()
#9 D:\VirtualHost\lakip\vendor\codeigniter4\framework\system\Commands\Server\rewrite.php(34): require_once('D:\\VirtualHost\\...')
#10 {main}
CRITICAL - 2020-08-05 17:59:45 --> include(../include/data.php): failed to open stream: No such file or directory
#0 D:\VirtualHost\lakip\public\template\header.php(2): CodeIgniter\Debug\Exceptions->errorHandler(2, 'include(../incl...', 'D:\\VirtualHost\\...', 2, Array)
#1 D:\VirtualHost\lakip\public\template\header.php(2): include()
#2 D:\VirtualHost\lakip\app\Views\index.php(1): include('D:\\VirtualHost\\...')
#3 D:\VirtualHost\lakip\vendor\codeigniter4\framework\system\View\View.php(246): include('D:\\VirtualHost\\...')
#4 D:\VirtualHost\lakip\vendor\codeigniter4\framework\system\Common.php(1119): CodeIgniter\View\View->render('index', Array, true)
#5 D:\VirtualHost\lakip\app\Controllers\Home.php(9): view('index')
#6 D:\VirtualHost\lakip\vendor\codeigniter4\framework\system\CodeIgniter.php(918): App\Controllers\Home->index()
#7 D:\VirtualHost\lakip\vendor\codeigniter4\framework\system\CodeIgniter.php(404): CodeIgniter\CodeIgniter->runController(Object(App\Controllers\Home))
#8 D:\VirtualHost\lakip\vendor\codeigniter4\framework\system\CodeIgniter.php(312): CodeIgniter\CodeIgniter->handleRequest(NULL, Object(Config\Cache), false)
#9 D:\VirtualHost\lakip\public\index.php(45): CodeIgniter\CodeIgniter->run()
#10 D:\VirtualHost\lakip\vendor\codeigniter4\framework\system\Commands\Server\rewrite.php(34): require_once('D:\\VirtualHost\\...')
#11 {main}
CRITICAL - 2020-08-05 18:00:34 --> Undefined variable: title
#0 D:\VirtualHost\lakip\public\template\header.php(7): CodeIgniter\Debug\Exceptions->errorHandler(8, 'Undefined varia...', 'D:\\VirtualHost\\...', 7, Array)
#1 D:\VirtualHost\lakip\app\Views\index.php(1): include('D:\\VirtualHost\\...')
#2 D:\VirtualHost\lakip\vendor\codeigniter4\framework\system\View\View.php(246): include('D:\\VirtualHost\\...')
#3 D:\VirtualHost\lakip\vendor\codeigniter4\framework\system\Common.php(1119): CodeIgniter\View\View->render('index', Array, true)
#4 D:\VirtualHost\lakip\app\Controllers\Home.php(9): view('index')
#5 D:\VirtualHost\lakip\vendor\codeigniter4\framework\system\CodeIgniter.php(918): App\Controllers\Home->index()
#6 D:\VirtualHost\lakip\vendor\codeigniter4\framework\system\CodeIgniter.php(404): CodeIgniter\CodeIgniter->runController(Object(App\Controllers\Home))
#7 D:\VirtualHost\lakip\vendor\codeigniter4\framework\system\CodeIgniter.php(312): CodeIgniter\CodeIgniter->handleRequest(NULL, Object(Config\Cache), false)
#8 D:\VirtualHost\lakip\public\index.php(45): CodeIgniter\CodeIgniter->run()
#9 D:\VirtualHost\lakip\vendor\codeigniter4\framework\system\Commands\Server\rewrite.php(34): require_once('D:\\VirtualHost\\...')
#10 {main}
CRITICAL - 2020-08-05 18:02:06 --> syntax error, unexpected '$data' (T_VARIABLE), expecting function (T_FUNCTION) or const (T_CONST)
#0 D:\VirtualHost\lakip\vendor\codeigniter4\framework\system\Autoloader\Autoloader.php(296): CodeIgniter\Autoloader\Autoloader->requireFile('D:\\VirtualHost\\...')
#1 D:\VirtualHost\lakip\vendor\codeigniter4\framework\system\Autoloader\Autoloader.php(258): CodeIgniter\Autoloader\Autoloader->loadInNamespace('App\\Controllers...')
#2 [internal function]: CodeIgniter\Autoloader\Autoloader->loadClass('App\\Controllers...')
#3 [internal function]: spl_autoload_call('App\\Controllers...')
#4 D:\VirtualHost\lakip\vendor\codeigniter4\framework\system\CodeIgniter.php(869): class_exists('\\App\\Controller...', true)
#5 D:\VirtualHost\lakip\vendor\codeigniter4\framework\system\CodeIgniter.php(394): CodeIgniter\CodeIgniter->startController()
#6 D:\VirtualHost\lakip\vendor\codeigniter4\framework\system\CodeIgniter.php(312): CodeIgniter\CodeIgniter->handleRequest(NULL, Object(Config\Cache), false)
#7 D:\VirtualHost\lakip\public\index.php(45): CodeIgniter\CodeIgniter->run()
#8 D:\VirtualHost\lakip\vendor\codeigniter4\framework\system\Commands\Server\rewrite.php(34): require_once('D:\\VirtualHost\\...')
#9 {main}
CRITICAL - 2020-08-05 18:05:50 --> syntax error, unexpected '$data' (T_VARIABLE), expecting function (T_FUNCTION) or const (T_CONST)
#0 D:\VirtualHost\lakip\vendor\codeigniter4\framework\system\Autoloader\Autoloader.php(296): CodeIgniter\Autoloader\Autoloader->requireFile('D:\\VirtualHost\\...')
#1 D:\VirtualHost\lakip\vendor\codeigniter4\framework\system\Autoloader\Autoloader.php(258): CodeIgniter\Autoloader\Autoloader->loadInNamespace('App\\Controllers...')
#2 [internal function]: CodeIgniter\Autoloader\Autoloader->loadClass('App\\Controllers...')
#3 [internal function]: spl_autoload_call('App\\Controllers...')
#4 D:\VirtualHost\lakip\vendor\codeigniter4\framework\system\CodeIgniter.php(869): class_exists('\\App\\Controller...', true)
#5 D:\VirtualHost\lakip\vendor\codeigniter4\framework\system\CodeIgniter.php(394): CodeIgniter\CodeIgniter->startController()
#6 D:\VirtualHost\lakip\vendor\codeigniter4\framework\system\CodeIgniter.php(312): CodeIgniter\CodeIgniter->handleRequest(NULL, Object(Config\Cache), false)
#7 D:\VirtualHost\lakip\public\index.php(45): CodeIgniter\CodeIgniter->run()
#8 D:\VirtualHost\lakip\vendor\codeigniter4\framework\system\Commands\Server\rewrite.php(34): require_once('D:\\VirtualHost\\...')
#9 {main}
CRITICAL - 2020-08-05 18:05:51 --> syntax error, unexpected '$data' (T_VARIABLE), expecting function (T_FUNCTION) or const (T_CONST)
#0 D:\VirtualHost\lakip\vendor\codeigniter4\framework\system\Autoloader\Autoloader.php(296): CodeIgniter\Autoloader\Autoloader->requireFile('D:\\VirtualHost\\...')
#1 D:\VirtualHost\lakip\vendor\codeigniter4\framework\system\Autoloader\Autoloader.php(258): CodeIgniter\Autoloader\Autoloader->loadInNamespace('App\\Controllers...')
#2 [internal function]: CodeIgniter\Autoloader\Autoloader->loadClass('App\\Controllers...')
#3 [internal function]: spl_autoload_call('App\\Controllers...')
#4 D:\VirtualHost\lakip\vendor\codeigniter4\framework\system\CodeIgniter.php(869): class_exists('\\App\\Controller...', true)
#5 D:\VirtualHost\lakip\vendor\codeigniter4\framework\system\CodeIgniter.php(394): CodeIgniter\CodeIgniter->startController()
#6 D:\VirtualHost\lakip\vendor\codeigniter4\framework\system\CodeIgniter.php(312): CodeIgniter\CodeIgniter->handleRequest(NULL, Object(Config\Cache), false)
#7 D:\VirtualHost\lakip\public\index.php(45): CodeIgniter\CodeIgniter->run()
#8 D:\VirtualHost\lakip\vendor\codeigniter4\framework\system\Commands\Server\rewrite.php(34): require_once('D:\\VirtualHost\\...')
#9 {main}
CRITICAL - 2020-08-05 18:07:18 --> syntax error, unexpected '$data' (T_VARIABLE), expecting function (T_FUNCTION) or const (T_CONST)
#0 D:\VirtualHost\lakip\vendor\codeigniter4\framework\system\Autoloader\Autoloader.php(296): CodeIgniter\Autoloader\Autoloader->requireFile('D:\\VirtualHost\\...')
#1 D:\VirtualHost\lakip\vendor\codeigniter4\framework\system\Autoloader\Autoloader.php(258): CodeIgniter\Autoloader\Autoloader->loadInNamespace('App\\Controllers...')
#2 [internal function]: CodeIgniter\Autoloader\Autoloader->loadClass('App\\Controllers...')
#3 [internal function]: spl_autoload_call('App\\Controllers...')
#4 D:\VirtualHost\lakip\vendor\codeigniter4\framework\system\CodeIgniter.php(869): class_exists('\\App\\Controller...', true)
#5 D:\VirtualHost\lakip\vendor\codeigniter4\framework\system\CodeIgniter.php(394): CodeIgniter\CodeIgniter->startController()
#6 D:\VirtualHost\lakip\vendor\codeigniter4\framework\system\CodeIgniter.php(312): CodeIgniter\CodeIgniter->handleRequest(NULL, Object(Config\Cache), false)
#7 D:\VirtualHost\lakip\public\index.php(45): CodeIgniter\CodeIgniter->run()
#8 D:\VirtualHost\lakip\vendor\codeigniter4\framework\system\Commands\Server\rewrite.php(34): require_once('D:\\VirtualHost\\...')
#9 {main}
CRITICAL - 2020-08-05 18:08:17 --> syntax error, unexpected '$data' (T_VARIABLE), expecting function (T_FUNCTION) or const (T_CONST)
#0 D:\VirtualHost\lakip\vendor\codeigniter4\framework\system\Autoloader\Autoloader.php(296): CodeIgniter\Autoloader\Autoloader->requireFile('D:\\VirtualHost\\...')
#1 D:\VirtualHost\lakip\vendor\codeigniter4\framework\system\Autoloader\Autoloader.php(258): CodeIgniter\Autoloader\Autoloader->loadInNamespace('App\\Controllers...')
#2 [internal function]: CodeIgniter\Autoloader\Autoloader->loadClass('App\\Controllers...')
#3 [internal function]: spl_autoload_call('App\\Controllers...')
#4 D:\VirtualHost\lakip\vendor\codeigniter4\framework\system\CodeIgniter.php(869): class_exists('\\App\\Controller...', true)
#5 D:\VirtualHost\lakip\vendor\codeigniter4\framework\system\CodeIgniter.php(394): CodeIgniter\CodeIgniter->startController()
#6 D:\VirtualHost\lakip\vendor\codeigniter4\framework\system\CodeIgniter.php(312): CodeIgniter\CodeIgniter->handleRequest(NULL, Object(Config\Cache), false)
#7 D:\VirtualHost\lakip\public\index.php(45): CodeIgniter\CodeIgniter->run()
#8 D:\VirtualHost\lakip\vendor\codeigniter4\framework\system\Commands\Server\rewrite.php(34): require_once('D:\\VirtualHost\\...')
#9 {main}
CRITICAL - 2020-08-05 18:08:18 --> syntax error, unexpected '$data' (T_VARIABLE), expecting function (T_FUNCTION) or const (T_CONST)
#0 D:\VirtualHost\lakip\vendor\codeigniter4\framework\system\Autoloader\Autoloader.php(296): CodeIgniter\Autoloader\Autoloader->requireFile('D:\\VirtualHost\\...')
#1 D:\VirtualHost\lakip\vendor\codeigniter4\framework\system\Autoloader\Autoloader.php(258): CodeIgniter\Autoloader\Autoloader->loadInNamespace('App\\Controllers...')
#2 [internal function]: CodeIgniter\Autoloader\Autoloader->loadClass('App\\Controllers...')
#3 [internal function]: spl_autoload_call('App\\Controllers...')
#4 D:\VirtualHost\lakip\vendor\codeigniter4\framework\system\CodeIgniter.php(869): class_exists('\\App\\Controller...', true)
#5 D:\VirtualHost\lakip\vendor\codeigniter4\framework\system\CodeIgniter.php(394): CodeIgniter\CodeIgniter->startController()
#6 D:\VirtualHost\lakip\vendor\codeigniter4\framework\system\CodeIgniter.php(312): CodeIgniter\CodeIgniter->handleRequest(NULL, Object(Config\Cache), false)
#7 D:\VirtualHost\lakip\public\index.php(45): CodeIgniter\CodeIgniter->run()
#8 D:\VirtualHost\lakip\vendor\codeigniter4\framework\system\Commands\Server\rewrite.php(34): require_once('D:\\VirtualHost\\...')
#9 {main}
CRITICAL - 2020-08-05 18:09:34 --> Undefined variable: title
#0 D:\VirtualHost\lakip\public\template\header.php(7): CodeIgniter\Debug\Exceptions->errorHandler(8, 'Undefined varia...', 'D:\\VirtualHost\\...', 7, Array)
#1 D:\VirtualHost\lakip\app\Views\index.php(1): include('D:\\VirtualHost\\...')
#2 D:\VirtualHost\lakip\vendor\codeigniter4\framework\system\View\View.php(246): include('D:\\VirtualHost\\...')
#3 D:\VirtualHost\lakip\vendor\codeigniter4\framework\system\Common.php(1119): CodeIgniter\View\View->render('index', Array, true)
#4 D:\VirtualHost\lakip\app\Controllers\Home.php(9): view('index')
#5 D:\VirtualHost\lakip\vendor\codeigniter4\framework\system\CodeIgniter.php(918): App\Controllers\Home->index()
#6 D:\VirtualHost\lakip\vendor\codeigniter4\framework\system\CodeIgniter.php(404): CodeIgniter\CodeIgniter->runController(Object(App\Controllers\Home))
#7 D:\VirtualHost\lakip\vendor\codeigniter4\framework\system\CodeIgniter.php(312): CodeIgniter\CodeIgniter->handleRequest(NULL, Object(Config\Cache), false)
#8 D:\VirtualHost\lakip\public\index.php(45): CodeIgniter\CodeIgniter->run()
#9 D:\VirtualHost\lakip\vendor\codeigniter4\framework\system\Commands\Server\rewrite.php(34): require_once('D:\\VirtualHost\\...')
#10 {main}
CRITICAL - 2020-08-05 23:56:01 --> include(../include/data.php): failed to open stream: No such file or directory
#0 D:\VirtualHost\lakip\app\Views\index.php(2): CodeIgniter\Debug\Exceptions->errorHandler(2, 'include(../incl...', 'D:\\VirtualHost\\...', 2, Array)
#1 D:\VirtualHost\lakip\app\Views\index.php(2): include()
#2 D:\VirtualHost\lakip\vendor\codeigniter4\framework\system\View\View.php(246): include('D:\\VirtualHost\\...')
#3 D:\VirtualHost\lakip\vendor\codeigniter4\framework\system\Common.php(1119): CodeIgniter\View\View->render('index', Array, true)
#4 D:\VirtualHost\lakip\app\Controllers\Home.php(9): view('index')
#5 D:\VirtualHost\lakip\vendor\codeigniter4\framework\system\CodeIgniter.php(918): App\Controllers\Home->index()
#6 D:\VirtualHost\lakip\vendor\codeigniter4\framework\system\CodeIgniter.php(404): CodeIgniter\CodeIgniter->runController(Object(App\Controllers\Home))
#7 D:\VirtualHost\lakip\vendor\codeigniter4\framework\system\CodeIgniter.php(312): CodeIgniter\CodeIgniter->handleRequest(NULL, Object(Config\Cache), false)
#8 D:\VirtualHost\lakip\public\index.php(45): CodeIgniter\CodeIgniter->run()
#9 D:\VirtualHost\lakip\vendor\codeigniter4\framework\system\Commands\Server\rewrite.php(34): require_once('D:\\VirtualHost\\...')
#10 {main}
CRITICAL - 2020-08-05 23:56:20 --> Undefined variable: title
#0 D:\VirtualHost\lakip\app\Views\index.php(13): CodeIgniter\Debug\Exceptions->errorHandler(8, 'Undefined varia...', 'D:\\VirtualHost\\...', 13, Array)
#1 D:\VirtualHost\lakip\vendor\codeigniter4\framework\system\View\View.php(246): include('D:\\VirtualHost\\...')
#2 D:\VirtualHost\lakip\vendor\codeigniter4\framework\system\Common.php(1119): CodeIgniter\View\View->render('index', Array, true)
#3 D:\VirtualHost\lakip\app\Controllers\Home.php(9): view('index')
#4 D:\VirtualHost\lakip\vendor\codeigniter4\framework\system\CodeIgniter.php(918): App\Controllers\Home->index()
#5 D:\VirtualHost\lakip\vendor\codeigniter4\framework\system\CodeIgniter.php(404): CodeIgniter\CodeIgniter->runController(Object(App\Controllers\Home))
#6 D:\VirtualHost\lakip\vendor\codeigniter4\framework\system\CodeIgniter.php(312): CodeIgniter\CodeIgniter->handleRequest(NULL, Object(Config\Cache), false)
#7 D:\VirtualHost\lakip\public\index.php(45): CodeIgniter\CodeIgniter->run()
#8 D:\VirtualHost\lakip\vendor\codeigniter4\framework\system\Commands\Server\rewrite.php(34): require_once('D:\\VirtualHost\\...')
#9 {main}
